app/build/intermediates/manifest_merge_blame_file/debug/manifest-merger-blame-debug-report.txt
1<?xml version="1.0" encoding="utf-8"?>
2<manifest xmlns:android="http://schemas.android.com/apk/res/android"
3    package="com.net.pvr1"
4    android:versionCode="1"
5    android:versionName="1.0" >
6
7    <uses-sdk
8        android:minSdkVersion="21"
8-->src\main\AndroidManifest.xml
9        android:targetSdkVersion="32" />
9-->src\main\AndroidManifest.xml
10
11    <uses-permission android:name="android.permission.ACCESS_COARSE_LOCATION" />
11-->src\main\AndroidManifest.xml:5:5-81
11-->src\main\AndroidManifest.xml:5:22-78
12    <uses-permission android:name="android.permission.ACCESS_FINE_LOCATION" />
12-->src\main\AndroidManifest.xml:6:5-79
12-->src\main\AndroidManifest.xml:6:22-76
13    <uses-permission android:name="android.permission.INTERNET" />
13-->src\main\AndroidManifest.xml:7:5-67
13-->src\main\AndroidManifest.xml:7:22-64
14    <uses-permission android:name="android.permission.ACCESS_NETWORK_STATE" />
14-->src\main\AndroidManifest.xml:8:5-79
14-->src\main\AndroidManifest.xml:8:22-76
15
16    <application
16-->src\main\AndroidManifest.xml:10:5-68:19
17        android:name="com.net.pvr1.NoteApplication"
17-->src\main\AndroidManifest.xml:11:9-52
18        android:allowBackup="true"
18-->src\main\AndroidManifest.xml:12:9-35
19        android:appComponentFactory="androidx.core.app.CoreComponentFactory"
19-->[androidx.core:core:1.8.0] AndroidManifest.xml:24:18-86
20        android:debuggable="true"
21        android:icon="@mipmap/ic_launcher"
21-->src\main\AndroidManifest.xml:13:9-43
22        android:label="@string/app_name"
22-->src\main\AndroidManifest.xml:14:9-41
23        android:roundIcon="@mipmap/ic_launcher_round"
23-->src\main\AndroidManifest.xml:15:9-54
24        android:supportsRtl="true"
24-->src\main\AndroidManifest.xml:16:9-35
25        android:testOnly="true"
26        android:theme="@style/NoActionBar" >
26-->src\main\AndroidManifest.xml:17:9-43
27        <activity
27-->src\main\AndroidManifest.xml:18:9-20:40
28            android:name="com.net.pvr1.ui.searchHome.SearchHomeActivity"
28-->src\main\AndroidManifest.xml:19:13-61
29            android:exported="false" />
29-->src\main\AndroidManifest.xml:20:13-37
30        <activity
30-->src\main\AndroidManifest.xml:21:9-23:40
31            android:name="com.net.pvr1.ui.enableLocation.EnableLocationActivity"
31-->src\main\AndroidManifest.xml:22:13-69
32            android:exported="false" />
32-->src\main\AndroidManifest.xml:23:13-37
33        <activity
33-->src\main\AndroidManifest.xml:24:9-26:40
34            android:name="com.net.pvr1.ui.player.PlayerActivity"
34-->src\main\AndroidManifest.xml:25:13-53
35            android:exported="false" />
35-->src\main\AndroidManifest.xml:26:13-37
36        <activity
36-->src\main\AndroidManifest.xml:27:9-29:40
37            android:name="com.net.pvr1.ui.privateScreenings.PrivateScreeningsActivity"
37-->src\main\AndroidManifest.xml:28:13-75
38            android:exported="false" />
38-->src\main\AndroidManifest.xml:29:13-37
39        <activity
39-->src\main\AndroidManifest.xml:30:9-32:40
40            android:name="com.net.pvr1.ui.giftCard.GiftCardActivity"
40-->src\main\AndroidManifest.xml:31:13-57
41            android:exported="false" />
41-->src\main\AndroidManifest.xml:32:13-37
42        <activity
42-->src\main\AndroidManifest.xml:33:9-35:40
43            android:name="com.net.pvr1.ui.offer.OfferActivity"
43-->src\main\AndroidManifest.xml:34:13-51
44            android:exported="false" />
44-->src\main\AndroidManifest.xml:35:13-37
45        <activity
45-->src\main\AndroidManifest.xml:36:9-38:40
46            android:name="com.net.pvr1.ui.webView.WebViewActivity"
46-->src\main\AndroidManifest.xml:37:13-55
47            android:exported="false" />
47-->src\main\AndroidManifest.xml:38:13-37
48        <activity
48-->src\main\AndroidManifest.xml:39:9-41:40
49            android:name="com.net.pvr1.ui.myBookings.MyBookingsActivity"
49-->src\main\AndroidManifest.xml:40:13-61
50            android:exported="false" />
50-->src\main\AndroidManifest.xml:41:13-37
51        <activity
51-->src\main\AndroidManifest.xml:42:9-44:40
52            android:name="com.net.pvr1.ui.otpVerify.OtpVerifyActivity"
52-->src\main\AndroidManifest.xml:43:13-59
53            android:exported="false" />
53-->src\main\AndroidManifest.xml:44:13-37
54        <activity
54-->src\main\AndroidManifest.xml:45:9-47:40
55            android:name="com.net.pvr1.ui.login.LoginActivity"
55-->src\main\AndroidManifest.xml:46:13-51
56            android:exported="false" />
56-->src\main\AndroidManifest.xml:47:13-37
57        <activity
57-->src\main\AndroidManifest.xml:48:9-50:40
58            android:name="com.net.pvr1.ui.resister.RegistrationActivity"
58-->src\main\AndroidManifest.xml:49:13-61
59            android:exported="false" />
59-->src\main\AndroidManifest.xml:50:13-37
60        <activity
60-->src\main\AndroidManifest.xml:51:9-53:40
61            android:name="com.net.pvr1.ui.onBoarding.LandingActivity"
61-->src\main\AndroidManifest.xml:52:13-58
62            android:exported="false" />
62-->src\main\AndroidManifest.xml:53:13-37
63        <activity
63-->src\main\AndroidManifest.xml:54:9-62:20
64            android:name="com.net.pvr1.ui.splash.SplashActivity"
64-->src\main\AndroidManifest.xml:55:13-65
65            android:exported="true" >
65-->src\main\AndroidManifest.xml:56:13-36
66            <intent-filter>
66-->src\main\AndroidManifest.xml:57:13-61:29
67                <action android:name="android.intent.action.MAIN" />
67-->src\main\AndroidManifest.xml:58:17-69
67-->src\main\AndroidManifest.xml:58:25-66
68
69                <category android:name="android.intent.category.LAUNCHER" />
69-->src\main\AndroidManifest.xml:60:17-77
69-->src\main\AndroidManifest.xml:60:27-74
70            </intent-filter>
71        </activity>
72        <activity
72-->src\main\AndroidManifest.xml:63:9-65:40
73            android:name="com.net.pvr1.ui.home.HomeActivity"
73-->src\main\AndroidManifest.xml:64:13-49
74            android:exported="false" />
74-->src\main\AndroidManifest.xml:65:13-37
75
76        <service android:name="com.net.pvr1.utils.FetchAddressIntentServices" />
76-->src\main\AndroidManifest.xml:67:9-69
76-->src\main\AndroidManifest.xml:67:18-66
77
78        <activity
78-->[com.google.android.gms:play-services-auth:20.2.0] AndroidManifest.xml:23:9-27:75
79            android:name="com.google.android.gms.auth.api.signin.internal.SignInHubActivity"
79-->[com.google.android.gms:play-services-auth:20.2.0] AndroidManifest.xml:24:13-93
80            android:excludeFromRecents="true"
80-->[com.google.android.gms:play-services-auth:20.2.0] AndroidManifest.xml:25:13-46
81            android:exported="false"
81-->[com.google.android.gms:play-services-auth:20.2.0] AndroidManifest.xml:26:13-37
82            android:theme="@android:style/Theme.Translucent.NoTitleBar" />
82-->[com.google.android.gms:play-services-auth:20.2.0] AndroidManifest.xml:27:13-72
83        <!--
84            Service handling Google Sign-In user revocation. For apps that do not integrate with
85            Google Sign-In, this service will never be started.
86        -->
87        <service
87-->[com.google.android.gms:play-services-auth:20.2.0] AndroidManifest.xml:33:9-37:51
88            android:name="com.google.android.gms.auth.api.signin.RevocationBoundService"
88-->[com.google.android.gms:play-services-auth:20.2.0] AndroidManifest.xml:34:13-89
89            android:exported="true"
89-->[com.google.android.gms:play-services-auth:20.2.0] AndroidManifest.xml:35:13-36
90            android:permission="com.google.android.gms.auth.api.signin.permission.REVOCATION_NOTIFICATION"
90-->[com.google.android.gms:play-services-auth:20.2.0] AndroidManifest.xml:36:13-107
91            android:visibleToInstantApps="true" />
91-->[com.google.android.gms:play-services-auth:20.2.0] AndroidManifest.xml:37:13-48
92
93        <activity
93-->[com.google.android.gms:play-services-base:18.1.0] AndroidManifest.xml:20:9-22:45
94            android:name="com.google.android.gms.common.api.GoogleApiActivity"
94-->[com.google.android.gms:play-services-base:18.1.0] AndroidManifest.xml:20:19-85
95            android:exported="false"
95-->[com.google.android.gms:play-services-base:18.1.0] AndroidManifest.xml:22:19-43
96            android:theme="@android:style/Theme.Translucent.NoTitleBar" />
96-->[com.google.android.gms:play-services-base:18.1.0] AndroidManifest.xml:21:19-78
97
98        <meta-data
98-->[com.google.android.gms:play-services-basement:18.1.0] AndroidManifest.xml:21:9-23:69
99            android:name="com.google.android.gms.version"
99-->[com.google.android.gms:play-services-basement:18.1.0] AndroidManifest.xml:22:13-58
100            android:value="@integer/google_play_services_version" />
100-->[com.google.android.gms:play-services-basement:18.1.0] AndroidManifest.xml:23:13-66
101
102        <uses-library
102-->[androidx.window:window:1.0.0] AndroidManifest.xml:25:9-27:40
103            android:name="androidx.window.extensions"
103-->[androidx.window:window:1.0.0] AndroidManifest.xml:26:13-54
104            android:required="false" />
104-->[androidx.window:window:1.0.0] AndroidManifest.xml:27:13-37
105        <uses-library
105-->[androidx.window:window:1.0.0] AndroidManifest.xml:28:9-30:40
106            android:name="androidx.window.sidecar"
106-->[androidx.window:window:1.0.0] AndroidManifest.xml:29:13-51
107            android:required="false" />
107-->[androidx.window:window:1.0.0] AndroidManifest.xml:30:13-37
108
109        <service
109-->[androidx.room:room-runtime:2.4.2] AndroidManifest.xml:25:9-28:40
110            android:name="androidx.room.MultiInstanceInvalidationService"
110-->[androidx.room:room-runtime:2.4.2] AndroidManifest.xml:26:13-74
111            android:directBootAware="true"
111-->[androidx.room:room-runtime:2.4.2] AndroidManifest.xml:27:13-43
112            android:exported="false" />
112-->[androidx.room:room-runtime:2.4.2] AndroidManifest.xml:28:13-37
113
114        <provider
114-->[androidx.emoji2:emoji2:1.2.0] AndroidManifest.xml:24:9-32:20
115            android:name="androidx.startup.InitializationProvider"
115-->[androidx.emoji2:emoji2:1.2.0] AndroidManifest.xml:25:13-67
116            android:authorities="com.net.pvr1.androidx-startup"
116-->[androidx.emoji2:emoji2:1.2.0] AndroidManifest.xml:26:13-68
117            android:exported="false" >
117-->[androidx.emoji2:emoji2:1.2.0] AndroidManifest.xml:27:13-37
118            <meta-data
118-->[androidx.emoji2:emoji2:1.2.0] AndroidManifest.xml:29:13-31:52
119                android:name="androidx.emoji2.text.EmojiCompatInitializer"
119-->[androidx.emoji2:emoji2:1.2.0] AndroidManifest.xml:30:17-75
120                android:value="androidx.startup" />
120-->[androidx.emoji2:emoji2:1.2.0] AndroidManifest.xml:31:17-49
121            <meta-data
121-->[androidx.lifecycle:lifecycle-process:2.4.1] AndroidManifest.xml:31:13-33:52
122                android:name="androidx.lifecycle.ProcessLifecycleInitializer"
122-->[androidx.lifecycle:lifecycle-process:2.4.1] AndroidManifest.xml:32:17-78
123                android:value="androidx.startup" />
123-->[androidx.lifecycle:lifecycle-process:2.4.1] AndroidManifest.xml:33:17-49
124        </provider>
125    </application>
126
127</manifest>